mode: count
github.com/maxzhovtyj/financeApp-server/internal/service/users.go:27.38,35.2 1 0
github.com/maxzhovtyj/financeApp-server/internal/service/users.go:37.81,39.16 2 0
github.com/maxzhovtyj/financeApp-server/internal/service/users.go:43.2,44.16 2 0
github.com/maxzhovtyj/financeApp-server/internal/service/users.go:52.2,52.12 1 0
github.com/maxzhovtyj/financeApp-server/internal/service/users.go:39.16,41.3 1 0
github.com/maxzhovtyj/financeApp-server/internal/service/users.go:44.16,45.50 1 0
github.com/maxzhovtyj/financeApp-server/internal/service/users.go:49.3,49.13 1 0
github.com/maxzhovtyj/financeApp-server/internal/service/users.go:45.50,47.4 1 0
github.com/maxzhovtyj/financeApp-server/internal/service/users.go:55.99,57.16 2 0
github.com/maxzhovtyj/financeApp-server/internal/service/users.go:61.2,62.16 2 0
github.com/maxzhovtyj/financeApp-server/internal/service/users.go:70.2,71.16 2 0
github.com/maxzhovtyj/financeApp-server/internal/service/users.go:75.2,76.16 2 0
github.com/maxzhovtyj/financeApp-server/internal/service/users.go:80.2,80.39 1 0
github.com/maxzhovtyj/financeApp-server/internal/service/users.go:57.16,59.3 1 0
github.com/maxzhovtyj/financeApp-server/internal/service/users.go:62.16,63.45 1 0
github.com/maxzhovtyj/financeApp-server/internal/service/users.go:67.3,67.21 1 0
github.com/maxzhovtyj/financeApp-server/internal/service/users.go:63.45,65.4 1 0
github.com/maxzhovtyj/financeApp-server/internal/service/users.go:71.16,73.3 1 0
github.com/maxzhovtyj/financeApp-server/internal/service/users.go:76.16,78.3 1 0
github.com/maxzhovtyj/financeApp-server/internal/delivery/http/v1/response.go:12.68,16.24 3 0
github.com/maxzhovtyj/financeApp-server/internal/delivery/http/v1/response.go:21.2,23.12 2 0
github.com/maxzhovtyj/financeApp-server/internal/delivery/http/v1/response.go:16.24,18.3 1 0
github.com/maxzhovtyj/financeApp-server/internal/delivery/http/v1/users.go:17.54,19.2 2 0
github.com/maxzhovtyj/financeApp-server/internal/delivery/http/v1/users.go:19.2,22.3 2 0
github.com/maxzhovtyj/financeApp-server/internal/delivery/http/v1/users.go:25.50,28.41 2 0
github.com/maxzhovtyj/financeApp-server/internal/delivery/http/v1/users.go:32.2,33.16 2 0
github.com/maxzhovtyj/financeApp-server/internal/delivery/http/v1/users.go:37.2,37.29 1 0
github.com/maxzhovtyj/financeApp-server/internal/delivery/http/v1/users.go:41.2,42.16 2 0
github.com/maxzhovtyj/financeApp-server/internal/delivery/http/v1/users.go:50.2,50.42 1 0
github.com/maxzhovtyj/financeApp-server/internal/delivery/http/v1/users.go:28.41,30.3 1 0
github.com/maxzhovtyj/financeApp-server/internal/delivery/http/v1/users.go:33.16,35.3 1 0
github.com/maxzhovtyj/financeApp-server/internal/delivery/http/v1/users.go:37.29,39.3 1 0
github.com/maxzhovtyj/financeApp-server/internal/delivery/http/v1/users.go:42.16,43.50 1 0
github.com/maxzhovtyj/financeApp-server/internal/delivery/http/v1/users.go:47.3,47.68 1 0
github.com/maxzhovtyj/financeApp-server/internal/delivery/http/v1/users.go:43.50,45.4 1 0
github.com/maxzhovtyj/financeApp-server/internal/delivery/http/v1/users.go:53.50,56.41 2 0
github.com/maxzhovtyj/financeApp-server/internal/delivery/http/v1/users.go:60.2,60.45 1 0
github.com/maxzhovtyj/financeApp-server/internal/delivery/http/v1/users.go:64.2,65.16 2 0
github.com/maxzhovtyj/financeApp-server/internal/delivery/http/v1/users.go:73.2,76.4 1 0
github.com/maxzhovtyj/financeApp-server/internal/delivery/http/v1/users.go:56.41,58.3 1 0
github.com/maxzhovtyj/financeApp-server/internal/delivery/http/v1/users.go:60.45,62.3 1 0
github.com/maxzhovtyj/financeApp-server/internal/delivery/http/v1/users.go:65.16,66.45 1 0
github.com/maxzhovtyj/financeApp-server/internal/delivery/http/v1/users.go:70.3,70.68 1 0
github.com/maxzhovtyj/financeApp-server/internal/delivery/http/v1/users.go:66.45,68.4 1 0
github.com/maxzhovtyj/financeApp-server/internal/app/app.go:15.12,18.16 2 0
github.com/maxzhovtyj/financeApp-server/internal/app/app.go:23.2,27.16 3 0
github.com/maxzhovtyj/financeApp-server/internal/app/app.go:32.2,41.33 6 0
github.com/maxzhovtyj/financeApp-server/internal/app/app.go:18.16,20.3 1 0
github.com/maxzhovtyj/financeApp-server/internal/app/app.go:27.16,29.3 1 0
github.com/maxzhovtyj/financeApp-server/internal/app/app.go:41.33,43.3 1 0
github.com/maxzhovtyj/financeApp-server/pkg/logger/logrus.go:9.32,11.2 1 0
github.com/maxzhovtyj/financeApp-server/pkg/logger/logrus.go:13.49,15.2 1 0
github.com/maxzhovtyj/financeApp-server/pkg/logger/logrus.go:17.31,19.2 1 0
github.com/maxzhovtyj/financeApp-server/pkg/logger/logrus.go:21.48,23.2 1 0
github.com/maxzhovtyj/financeApp-server/pkg/logger/logrus.go:25.31,27.2 1 0
github.com/maxzhovtyj/financeApp-server/pkg/logger/logrus.go:29.48,31.2 1 0
github.com/maxzhovtyj/financeApp-server/pkg/logger/logrus.go:33.32,35.2 1 0
github.com/maxzhovtyj/financeApp-server/pkg/logger/logrus.go:37.49,39.2 1 0
github.com/maxzhovtyj/financeApp-server/pkg/logger/logrus.go:41.33,43.2 1 0
github.com/maxzhovtyj/financeApp-server/pkg/logger/logrus.go:45.33,47.2 1 0
github.com/maxzhovtyj/financeApp-server/pkg/logger/logrus.go:49.35,51.2 1 0
github.com/maxzhovtyj/financeApp-server/internal/repository/repository.go:18.42,20.2 1 0
github.com/maxzhovtyj/financeApp-server/internal/delivery/http/handler.go:16.45,18.2 1 0
github.com/maxzhovtyj/financeApp-server/internal/delivery/http/handler.go:20.37,32.2 7 0
github.com/maxzhovtyj/financeApp-server/internal/delivery/http/handler.go:34.46,37.2 3 0
github.com/maxzhovtyj/financeApp-server/internal/delivery/http/handler.go:37.2,39.3 1 0
github.com/maxzhovtyj/financeApp-server/internal/server/server.go:13.58,22.2 4 0
github.com/maxzhovtyj/financeApp-server/internal/server/server.go:24.30,26.2 1 0
github.com/maxzhovtyj/financeApp-server/pkg/hash/password.go:18.47,20.2 1 0
github.com/maxzhovtyj/financeApp-server/pkg/hash/password.go:23.61,26.56 2 0
github.com/maxzhovtyj/financeApp-server/pkg/hash/password.go:30.2,30.57 1 0
github.com/maxzhovtyj/financeApp-server/pkg/hash/password.go:26.56,28.3 1 0
github.com/maxzhovtyj/financeApp-server/internal/service/service.go:27.41,31.2 1 0
github.com/maxzhovtyj/financeApp-server/internal/delivery/http/v1/handler.go:13.52,15.2 1 0
github.com/maxzhovtyj/financeApp-server/internal/delivery/http/v1/handler.go:17.41,19.2 2 0
github.com/maxzhovtyj/financeApp-server/internal/delivery/http/v1/handler.go:19.2,20.48 1 0
github.com/maxzhovtyj/financeApp-server/internal/delivery/http/v1/handler.go:29.3,29.24 1 0
github.com/maxzhovtyj/financeApp-server/internal/delivery/http/v1/handler.go:20.48,22.18 2 0
github.com/maxzhovtyj/financeApp-server/internal/delivery/http/v1/handler.go:26.4,26.14 1 0
github.com/maxzhovtyj/financeApp-server/internal/delivery/http/v1/handler.go:22.18,24.5 1 0
github.com/maxzhovtyj/financeApp-server/internal/config/config.go:54.30,58.42 3 0
github.com/maxzhovtyj/financeApp-server/internal/config/config.go:62.2,66.46 4 0
github.com/maxzhovtyj/financeApp-server/internal/config/config.go:70.2,70.18 1 0
github.com/maxzhovtyj/financeApp-server/internal/config/config.go:58.42,60.3 1 0
github.com/maxzhovtyj/financeApp-server/internal/config/config.go:66.46,68.3 1 0
github.com/maxzhovtyj/financeApp-server/internal/config/config.go:73.30,82.2 6 0
github.com/maxzhovtyj/financeApp-server/internal/config/config.go:84.41,85.64 1 0
github.com/maxzhovtyj/financeApp-server/internal/config/config.go:88.2,88.62 1 0
github.com/maxzhovtyj/financeApp-server/internal/config/config.go:91.2,91.66 1 0
github.com/maxzhovtyj/financeApp-server/internal/config/config.go:95.2,95.12 1 0
github.com/maxzhovtyj/financeApp-server/internal/config/config.go:85.64,87.3 1 0
github.com/maxzhovtyj/financeApp-server/internal/config/config.go:88.62,90.3 1 0
github.com/maxzhovtyj/financeApp-server/internal/config/config.go:91.66,93.3 1 0
github.com/maxzhovtyj/financeApp-server/internal/config/config.go:98.30,102.45 3 0
github.com/maxzhovtyj/financeApp-server/internal/config/config.go:106.2,107.16 2 0
github.com/maxzhovtyj/financeApp-server/internal/config/config.go:111.2,111.12 1 0
github.com/maxzhovtyj/financeApp-server/internal/config/config.go:102.45,104.3 1 0
github.com/maxzhovtyj/financeApp-server/internal/config/config.go:107.16,109.3 1 0
github.com/maxzhovtyj/financeApp-server/internal/service/mocks/mock.go:27.55,31.2 3 0
github.com/maxzhovtyj/financeApp-server/internal/service/mocks/mock.go:34.53,36.2 1 0
github.com/maxzhovtyj/financeApp-server/internal/service/mocks/mock.go:39.97,46.2 6 0
github.com/maxzhovtyj/financeApp-server/internal/service/mocks/mock.go:49.88,52.2 2 0
github.com/maxzhovtyj/financeApp-server/internal/service/mocks/mock.go:55.73,60.2 4 0
github.com/maxzhovtyj/financeApp-server/internal/service/mocks/mock.go:63.77,66.2 2 0
github.com/maxzhovtyj/financeApp-server/pkg/db/mongodb/mongodb.go:14.48,24.16 5 0
github.com/maxzhovtyj/financeApp-server/pkg/db/mongodb/mongodb.go:28.2,29.16 2 0
github.com/maxzhovtyj/financeApp-server/pkg/db/mongodb/mongodb.go:33.2,33.15 1 0
github.com/maxzhovtyj/financeApp-server/pkg/db/mongodb/mongodb.go:24.16,26.3 1 0
github.com/maxzhovtyj/financeApp-server/pkg/db/mongodb/mongodb.go:29.16,31.3 1 0
github.com/maxzhovtyj/financeApp-server/pkg/db/mongodb/mongodb.go:36.34,38.24 2 0
github.com/maxzhovtyj/financeApp-server/pkg/db/mongodb/mongodb.go:46.2,46.14 1 0
github.com/maxzhovtyj/financeApp-server/pkg/db/mongodb/mongodb.go:38.24,39.36 1 0
github.com/maxzhovtyj/financeApp-server/pkg/db/mongodb/mongodb.go:39.36,40.24 1 0
github.com/maxzhovtyj/financeApp-server/pkg/db/mongodb/mongodb.go:40.24,42.5 1 0
github.com/maxzhovtyj/financeApp-server/internal/repository/users_mongo.go:16.50,18.2 1 0
github.com/maxzhovtyj/financeApp-server/internal/repository/users_mongo.go:20.73,22.30 2 0
github.com/maxzhovtyj/financeApp-server/internal/repository/users_mongo.go:26.2,26.12 1 0
github.com/maxzhovtyj/financeApp-server/internal/repository/users_mongo.go:22.30,24.3 1 0
github.com/maxzhovtyj/financeApp-server/internal/repository/users_mongo.go:29.104,33.16 3 0
github.com/maxzhovtyj/financeApp-server/internal/repository/users_mongo.go:41.2,41.18 1 0
github.com/maxzhovtyj/financeApp-server/internal/repository/users_mongo.go:33.16,34.43 1 0
github.com/maxzhovtyj/financeApp-server/internal/repository/users_mongo.go:38.3,38.28 1 0
github.com/maxzhovtyj/financeApp-server/internal/repository/users_mongo.go:34.43,36.4 1 0
github.com/maxzhovtyj/financeApp-server/pkg/auth/manager.go:23.54,24.22 1 0
github.com/maxzhovtyj/financeApp-server/pkg/auth/manager.go:28.2,28.46 1 0
github.com/maxzhovtyj/financeApp-server/pkg/auth/manager.go:24.22,26.3 1 0
github.com/maxzhovtyj/financeApp-server/pkg/auth/manager.go:31.76,38.2 2 0
github.com/maxzhovtyj/financeApp-server/pkg/auth/manager.go:40.61,41.89 1 0
github.com/maxzhovtyj/financeApp-server/pkg/auth/manager.go:48.2,48.16 1 0
github.com/maxzhovtyj/financeApp-server/pkg/auth/manager.go:52.2,53.9 2 0
github.com/maxzhovtyj/financeApp-server/pkg/auth/manager.go:57.2,57.36 1 0
github.com/maxzhovtyj/financeApp-server/pkg/auth/manager.go:41.89,42.58 1 0
github.com/maxzhovtyj/financeApp-server/pkg/auth/manager.go:46.3,46.35 1 0
github.com/maxzhovtyj/financeApp-server/pkg/auth/manager.go:42.58,44.4 1 0
github.com/maxzhovtyj/financeApp-server/pkg/auth/manager.go:48.16,50.3 1 0
github.com/maxzhovtyj/financeApp-server/pkg/auth/manager.go:53.9,55.3 1 0
github.com/maxzhovtyj/financeApp-server/pkg/auth/manager.go:60.53,66.37 4 0
github.com/maxzhovtyj/financeApp-server/pkg/auth/manager.go:70.2,70.34 1 0
github.com/maxzhovtyj/financeApp-server/pkg/auth/manager.go:66.37,68.3 1 0
github.com/maxzhovtyj/financeApp-server/internal/delivery/http/v1/validator.go:13.55,14.47 1 0
github.com/maxzhovtyj/financeApp-server/internal/delivery/http/v1/validator.go:18.2,18.12 1 0
github.com/maxzhovtyj/financeApp-server/internal/delivery/http/v1/validator.go:14.47,16.3 1 0
github.com/maxzhovtyj/financeApp-server/cmd/app/main.go:7.13,9.2 1 0
github.com/maxzhovtyj/financeApp-server/internal/repository/users_mongo.go:16.50,18.2 1 0
github.com/maxzhovtyj/financeApp-server/internal/repository/users_mongo.go:20.73,22.30 2 0
github.com/maxzhovtyj/financeApp-server/internal/repository/users_mongo.go:26.2,26.12 1 0
github.com/maxzhovtyj/financeApp-server/internal/repository/users_mongo.go:22.30,24.3 1 0
github.com/maxzhovtyj/financeApp-server/internal/repository/users_mongo.go:29.104,33.16 3 0
github.com/maxzhovtyj/financeApp-server/internal/repository/users_mongo.go:41.2,41.18 1 0
github.com/maxzhovtyj/financeApp-server/internal/repository/users_mongo.go:33.16,34.43 1 0
github.com/maxzhovtyj/financeApp-server/internal/repository/users_mongo.go:38.3,38.28 1 0
github.com/maxzhovtyj/financeApp-server/internal/repository/users_mongo.go:34.43,36.4 1 0
github.com/maxzhovtyj/financeApp-server/pkg/auth/manager.go:23.54,24.22 1 1
github.com/maxzhovtyj/financeApp-server/pkg/auth/manager.go:28.2,28.46 1 1
github.com/maxzhovtyj/financeApp-server/pkg/auth/manager.go:24.22,26.3 1 0
github.com/maxzhovtyj/financeApp-server/pkg/auth/manager.go:31.76,38.2 2 1
github.com/maxzhovtyj/financeApp-server/pkg/auth/manager.go:40.61,41.89 1 0
github.com/maxzhovtyj/financeApp-server/pkg/auth/manager.go:48.2,48.16 1 0
github.com/maxzhovtyj/financeApp-server/pkg/auth/manager.go:52.2,53.9 2 0
github.com/maxzhovtyj/financeApp-server/pkg/auth/manager.go:57.2,57.36 1 0
github.com/maxzhovtyj/financeApp-server/pkg/auth/manager.go:41.89,42.58 1 0
github.com/maxzhovtyj/financeApp-server/pkg/auth/manager.go:46.3,46.35 1 0
github.com/maxzhovtyj/financeApp-server/pkg/auth/manager.go:42.58,44.4 1 0
github.com/maxzhovtyj/financeApp-server/pkg/auth/manager.go:48.16,50.3 1 0
github.com/maxzhovtyj/financeApp-server/pkg/auth/manager.go:53.9,55.3 1 0
github.com/maxzhovtyj/financeApp-server/pkg/auth/manager.go:60.53,66.37 4 1
github.com/maxzhovtyj/financeApp-server/pkg/auth/manager.go:70.2,70.34 1 1
github.com/maxzhovtyj/financeApp-server/pkg/auth/manager.go:66.37,68.3 1 0
github.com/maxzhovtyj/financeApp-server/internal/service/users.go:27.38,35.2 1 0
github.com/maxzhovtyj/financeApp-server/internal/service/users.go:37.81,39.16 2 0
github.com/maxzhovtyj/financeApp-server/internal/service/users.go:43.2,44.16 2 0
github.com/maxzhovtyj/financeApp-server/internal/service/users.go:52.2,52.12 1 0
github.com/maxzhovtyj/financeApp-server/internal/service/users.go:39.16,41.3 1 0
github.com/maxzhovtyj/financeApp-server/internal/service/users.go:44.16,45.50 1 0
github.com/maxzhovtyj/financeApp-server/internal/service/users.go:49.3,49.13 1 0
github.com/maxzhovtyj/financeApp-server/internal/service/users.go:45.50,47.4 1 0
github.com/maxzhovtyj/financeApp-server/internal/service/users.go:55.99,57.16 2 0
github.com/maxzhovtyj/financeApp-server/internal/service/users.go:61.2,62.16 2 0
github.com/maxzhovtyj/financeApp-server/internal/service/users.go:70.2,71.16 2 0
github.com/maxzhovtyj/financeApp-server/internal/service/users.go:75.2,76.16 2 0
github.com/maxzhovtyj/financeApp-server/internal/service/users.go:80.2,80.39 1 0
github.com/maxzhovtyj/financeApp-server/internal/service/users.go:57.16,59.3 1 0
github.com/maxzhovtyj/financeApp-server/internal/service/users.go:62.16,63.45 1 0
github.com/maxzhovtyj/financeApp-server/internal/service/users.go:67.3,67.21 1 0
github.com/maxzhovtyj/financeApp-server/internal/service/users.go:63.45,65.4 1 0
github.com/maxzhovtyj/financeApp-server/internal/service/users.go:71.16,73.3 1 0
github.com/maxzhovtyj/financeApp-server/internal/service/users.go:76.16,78.3 1 0
github.com/maxzhovtyj/financeApp-server/internal/app/app.go:15.12,18.16 2 0
github.com/maxzhovtyj/financeApp-server/internal/app/app.go:23.2,27.16 3 0
github.com/maxzhovtyj/financeApp-server/internal/app/app.go:32.2,41.33 6 0
github.com/maxzhovtyj/financeApp-server/internal/app/app.go:18.16,20.3 1 0
github.com/maxzhovtyj/financeApp-server/internal/app/app.go:27.16,29.3 1 0
github.com/maxzhovtyj/financeApp-server/internal/app/app.go:41.33,43.3 1 0
github.com/maxzhovtyj/financeApp-server/internal/service/mocks/mock.go:27.55,31.2 3 13
github.com/maxzhovtyj/financeApp-server/internal/service/mocks/mock.go:34.53,36.2 1 4
github.com/maxzhovtyj/financeApp-server/internal/service/mocks/mock.go:39.97,46.2 6 3
github.com/maxzhovtyj/financeApp-server/internal/service/mocks/mock.go:49.88,52.2 2 3
github.com/maxzhovtyj/financeApp-server/internal/service/mocks/mock.go:55.73,60.2 4 1
github.com/maxzhovtyj/financeApp-server/internal/service/mocks/mock.go:63.77,66.2 2 1
github.com/maxzhovtyj/financeApp-server/internal/config/config.go:54.30,58.42 3 0
github.com/maxzhovtyj/financeApp-server/internal/config/config.go:62.2,66.46 4 0
github.com/maxzhovtyj/financeApp-server/internal/config/config.go:70.2,70.18 1 0
github.com/maxzhovtyj/financeApp-server/internal/config/config.go:58.42,60.3 1 0
github.com/maxzhovtyj/financeApp-server/internal/config/config.go:66.46,68.3 1 0
github.com/maxzhovtyj/financeApp-server/internal/config/config.go:73.30,82.2 6 0
github.com/maxzhovtyj/financeApp-server/internal/config/config.go:84.41,85.64 1 0
github.com/maxzhovtyj/financeApp-server/internal/config/config.go:88.2,88.62 1 0
github.com/maxzhovtyj/financeApp-server/internal/config/config.go:91.2,91.66 1 0
github.com/maxzhovtyj/financeApp-server/internal/config/config.go:95.2,95.12 1 0
github.com/maxzhovtyj/financeApp-server/internal/config/config.go:85.64,87.3 1 0
github.com/maxzhovtyj/financeApp-server/internal/config/config.go:88.62,90.3 1 0
github.com/maxzhovtyj/financeApp-server/internal/config/config.go:91.66,93.3 1 0
github.com/maxzhovtyj/financeApp-server/internal/config/config.go:98.30,102.45 3 0
github.com/maxzhovtyj/financeApp-server/internal/config/config.go:106.2,107.16 2 0
github.com/maxzhovtyj/financeApp-server/internal/config/config.go:111.2,111.12 1 0
github.com/maxzhovtyj/financeApp-server/internal/config/config.go:102.45,104.3 1 0
github.com/maxzhovtyj/financeApp-server/internal/config/config.go:107.16,109.3 1 0
github.com/maxzhovtyj/financeApp-server/pkg/db/mongodb/mongodb.go:14.48,24.16 5 0
github.com/maxzhovtyj/financeApp-server/pkg/db/mongodb/mongodb.go:28.2,29.16 2 0
github.com/maxzhovtyj/financeApp-server/pkg/db/mongodb/mongodb.go:33.2,33.15 1 0
github.com/maxzhovtyj/financeApp-server/pkg/db/mongodb/mongodb.go:24.16,26.3 1 0
github.com/maxzhovtyj/financeApp-server/pkg/db/mongodb/mongodb.go:29.16,31.3 1 0
github.com/maxzhovtyj/financeApp-server/pkg/db/mongodb/mongodb.go:36.34,38.24 2 0
github.com/maxzhovtyj/financeApp-server/pkg/db/mongodb/mongodb.go:46.2,46.14 1 0
github.com/maxzhovtyj/financeApp-server/pkg/db/mongodb/mongodb.go:38.24,39.36 1 0
github.com/maxzhovtyj/financeApp-server/pkg/db/mongodb/mongodb.go:39.36,40.24 1 0
github.com/maxzhovtyj/financeApp-server/pkg/db/mongodb/mongodb.go:40.24,42.5 1 0
github.com/maxzhovtyj/financeApp-server/internal/delivery/http/v1/handler.go:13.52,15.2 1 0
github.com/maxzhovtyj/financeApp-server/internal/delivery/http/v1/handler.go:17.41,19.2 2 0
github.com/maxzhovtyj/financeApp-server/internal/delivery/http/v1/handler.go:19.2,20.48 1 0
github.com/maxzhovtyj/financeApp-server/internal/delivery/http/v1/handler.go:29.3,29.24 1 0
github.com/maxzhovtyj/financeApp-server/internal/delivery/http/v1/handler.go:20.48,22.18 2 0
github.com/maxzhovtyj/financeApp-server/internal/delivery/http/v1/handler.go:26.4,26.14 1 0
github.com/maxzhovtyj/financeApp-server/internal/delivery/http/v1/handler.go:22.18,24.5 1 0
github.com/maxzhovtyj/financeApp-server/internal/delivery/http/v1/users.go:17.54,19.2 2 0
github.com/maxzhovtyj/financeApp-server/internal/delivery/http/v1/users.go:19.2,22.3 2 0
github.com/maxzhovtyj/financeApp-server/internal/delivery/http/v1/users.go:25.50,28.41 2 7
github.com/maxzhovtyj/financeApp-server/internal/delivery/http/v1/users.go:32.2,33.16 2 7
github.com/maxzhovtyj/financeApp-server/internal/delivery/http/v1/users.go:37.2,37.29 1 2
github.com/maxzhovtyj/financeApp-server/internal/delivery/http/v1/users.go:41.2,42.16 2 1
github.com/maxzhovtyj/financeApp-server/internal/delivery/http/v1/users.go:50.2,50.42 1 1
github.com/maxzhovtyj/financeApp-server/internal/delivery/http/v1/users.go:28.41,30.3 1 0
github.com/maxzhovtyj/financeApp-server/internal/delivery/http/v1/users.go:33.16,35.3 1 5
github.com/maxzhovtyj/financeApp-server/internal/delivery/http/v1/users.go:37.29,39.3 1 1
github.com/maxzhovtyj/financeApp-server/internal/delivery/http/v1/users.go:42.16,43.50 1 0
github.com/maxzhovtyj/financeApp-server/internal/delivery/http/v1/users.go:47.3,47.68 1 0
github.com/maxzhovtyj/financeApp-server/internal/delivery/http/v1/users.go:43.50,45.4 1 0
github.com/maxzhovtyj/financeApp-server/internal/delivery/http/v1/users.go:53.50,56.41 2 6
github.com/maxzhovtyj/financeApp-server/internal/delivery/http/v1/users.go:60.2,60.45 1 6
github.com/maxzhovtyj/financeApp-server/internal/delivery/http/v1/users.go:64.2,65.16 2 3
github.com/maxzhovtyj/financeApp-server/internal/delivery/http/v1/users.go:73.2,76.4 1 1
github.com/maxzhovtyj/financeApp-server/internal/delivery/http/v1/users.go:56.41,58.3 1 0
github.com/maxzhovtyj/financeApp-server/internal/delivery/http/v1/users.go:60.45,62.3 1 3
github.com/maxzhovtyj/financeApp-server/internal/delivery/http/v1/users.go:65.16,66.45 1 2
github.com/maxzhovtyj/financeApp-server/internal/delivery/http/v1/users.go:70.3,70.68 1 1
github.com/maxzhovtyj/financeApp-server/internal/delivery/http/v1/users.go:66.45,68.4 1 1
github.com/maxzhovtyj/financeApp-server/internal/server/server.go:13.58,22.2 4 0
github.com/maxzhovtyj/financeApp-server/internal/server/server.go:24.30,26.2 1 0
github.com/maxzhovtyj/financeApp-server/internal/delivery/http/v1/validator.go:13.55,14.47 1 13
github.com/maxzhovtyj/financeApp-server/internal/delivery/http/v1/validator.go:18.2,18.12 1 5
github.com/maxzhovtyj/financeApp-server/internal/delivery/http/v1/validator.go:14.47,16.3 1 8
github.com/maxzhovtyj/financeApp-server/pkg/logger/logrus.go:9.32,11.2 1 0
github.com/maxzhovtyj/financeApp-server/pkg/logger/logrus.go:13.49,15.2 1 0
github.com/maxzhovtyj/financeApp-server/pkg/logger/logrus.go:17.31,19.2 1 0
github.com/maxzhovtyj/financeApp-server/pkg/logger/logrus.go:21.48,23.2 1 0
github.com/maxzhovtyj/financeApp-server/pkg/logger/logrus.go:25.31,27.2 1 0
github.com/maxzhovtyj/financeApp-server/pkg/logger/logrus.go:29.48,31.2 1 0
github.com/maxzhovtyj/financeApp-server/pkg/logger/logrus.go:33.32,35.2 1 11
github.com/maxzhovtyj/financeApp-server/pkg/logger/logrus.go:37.49,39.2 1 0
github.com/maxzhovtyj/financeApp-server/pkg/logger/logrus.go:41.33,43.2 1 0
github.com/maxzhovtyj/financeApp-server/pkg/logger/logrus.go:45.33,47.2 1 0
github.com/maxzhovtyj/financeApp-server/pkg/logger/logrus.go:49.35,51.2 1 0
github.com/maxzhovtyj/financeApp-server/internal/delivery/http/handler.go:16.45,18.2 1 0
github.com/maxzhovtyj/financeApp-server/internal/delivery/http/handler.go:20.37,32.2 7 0
github.com/maxzhovtyj/financeApp-server/internal/delivery/http/handler.go:34.46,37.2 3 0
github.com/maxzhovtyj/financeApp-server/internal/delivery/http/handler.go:37.2,39.3 1 0
github.com/maxzhovtyj/financeApp-server/internal/repository/repository.go:18.42,20.2 1 0
github.com/maxzhovtyj/financeApp-server/pkg/hash/password.go:18.47,20.2 1 0
github.com/maxzhovtyj/financeApp-server/pkg/hash/password.go:23.61,26.56 2 0
github.com/maxzhovtyj/financeApp-server/pkg/hash/password.go:30.2,30.57 1 0
github.com/maxzhovtyj/financeApp-server/pkg/hash/password.go:26.56,28.3 1 0
github.com/maxzhovtyj/financeApp-server/cmd/app/main.go:7.13,9.2 1 0
github.com/maxzhovtyj/financeApp-server/internal/delivery/http/v1/response.go:12.68,16.24 3 11
github.com/maxzhovtyj/financeApp-server/internal/delivery/http/v1/response.go:21.2,23.12 2 11
github.com/maxzhovtyj/financeApp-server/internal/delivery/http/v1/response.go:16.24,18.3 1 0
github.com/maxzhovtyj/financeApp-server/internal/service/service.go:27.41,31.2 1 0
